<?xml version="1.0" encoding="UTF-8"?>
<!-- Generated by org.testng.reporters.JUnitXMLReporter -->
<testsuite hostname="BDC8-LX-47G9VN2" ignored="0" name="Default test" tests="4" failures="0" timestamp="10 Jan 2020 07:09:48 GMT" time="82.595" errors="0">
  <testcase name="launchRegPage" time="1.412" classname="com.datadriven.test.DataProviderConcept"/>
  <testcase name="launchRegPage" time="1.744" classname="com.datadriven.test.DataProviderConcept"/>
  <testcase name="launchRegPage" time="1.682" classname="com.datadriven.test.DataProviderConcept"/>
  <testcase name="launchRegPage" time="1.732" classname="com.datadriven.test.DataProviderConcept"/>
</testsuite> <!-- Default test -->
